<?xml version="1.0" encoding="UTF-8"?>
<!-- Generated by org.testng.reporters.JUnitReportReporter -->
<testsuite skipped="0" hostname="Sivamani-PC" name="runner.runnerFiles$RunTestNGTest" tests="1" failures="0" timestamp="09 Aug 2020 12:55:17 GMT" time="0.270" errors="0">
  <testcase name="runScenario" time="0.270" classname="runner.runnerFiles$RunTestNGTest"/>
</testsuite> <!-- runner.runnerFiles$RunTestNGTest -->
