<?xml version="1.0" encoding="UTF-8"?>
<!-- Generated by org.testng.reporters.JUnitReportReporter -->
<testsuite hostname="Sivamani-PC" name="learning.learnBDD.AppTest" tests="1" failures="0" timestamp="9 Aug 2020 08:12:59 GMT" time="32.309" errors="0">
  <testcase name="testMethod" time="32.309" classname="learning.learnBDD.AppTest"/>
</testsuite> <!-- learning.learnBDD.AppTest -->
