<?xml version="1.0" encoding="UTF-8"?>
<!-- Generated by org.testng.reporters.JUnitReportReporter -->
<testsuite hostname="Sivamani-PC" name="runner.runnerFiles$runner" tests="1" failures="0" timestamp="9 Aug 2020 13:25:00 GMT" time="11.184" errors="0">
  <testcase name="runScenario" time="11.184" classname="runner.runnerFiles$runner"/>
</testsuite> <!-- runner.runnerFiles$runner -->
