<?xml version="1.0" encoding="UTF-8"?>
<!-- Generated by org.testng.reporters.JUnitReportReporter -->
<testsuite hostname="Sivamani-PC" name="runner.runnerFiles$RunTestNGTest" tests="1" failures="0" timestamp="9 Aug 2020 13:23:51 GMT" time="10.802" errors="0">
  <testcase name="runScenario" time="10.802" classname="runner.runnerFiles$RunTestNGTest"/>
</testsuite> <!-- runner.runnerFiles$RunTestNGTest -->
